epoch,loss,val_loss
0,0.110836685551,0.0382535697996
1,0.0745525331158,0.121464218675
2,0.0702795283634,0.0599252712113
3,0.0650663876878,0.113475701934
4,0.0640973652478,0.0588358515307
5,0.060515032699,0.0447356538342
6,0.0601038639067,0.0554349287895
7,0.0585761635475,0.057079098003
8,0.0556577798797,0.0587057491727
9,0.0558512969382,0.078685429685
10,0.0532111437776,0.0609741914134
11,0.0517184225165,0.0953119149836
12,0.0501409153182,0.0585423358988
13,0.0489306148279,0.0655186466872
14,0.0482038434613,0.0558929243789
15,0.0472593993783,0.0501797088914
16,0.0466648473135,0.0464515047237
17,0.0447757920059,0.0639754641849
18,0.0428295820917,0.0424019153484
19,0.0427188144073,0.059798462554
20,0.041191120044,0.0802932909806
21,0.0410740750889,0.0663699787172
22,0.0395925626849,0.0699572874156
23,0.0384796066471,0.0906378937398
24,0.037498785603,0.0642511922367
25,0.03680381699,0.0694925315037
26,0.0360420893675,0.0774765297808
27,0.0363047934603,0.0728024544763
28,0.0346393056726,0.0577467570169
29,0.0353754189023,0.0473888292992
30,0.0344962702092,0.0569235549161
31,0.0340336488643,0.0535276303203
32,0.0337843385624,0.0675839831951
33,0.0322928020372,0.0703255714361
34,0.0339661692976,0.0499777335882
35,0.0327700796303,0.0620547643272
36,0.033840005375,0.108443318037
37,0.0333280937617,0.0475289435451
38,0.0324864824985,0.0825050837483
39,0.0318837496798,0.0839868161492
40,0.031836781115,0.0521132185349
41,0.0325480241746,0.0608907201194
42,0.0314873221267,0.0793997897433
43,0.0309844263805,0.0488071813561
44,0.03151463682,0.0619016266618
45,0.031838166261,0.0519797902007
46,0.0314840159272,0.0649631797306
47,0.0318618797241,0.0729036836049
48,0.0312733232436,0.0602842830903
49,0.0307763459466,0.04891722494
50,0.0308977884365,0.0696569476297
51,0.0302511242433,0.0693478797813
52,0.0310725971176,0.0799348475992
53,0.0304977753743,0.0772757079282
54,0.0314385134649,0.076060669413
55,0.0296713793535,0.0796919106616
56,0.0296669590389,0.0635293942164
57,0.0293583987121,0.0671006370126
58,0.0288433664251,0.102637891005
59,0.0290302203295,0.0824593599233
60,0.0290625490789,0.0585264758167
61,0.0295658836274,0.0525292149435
62,0.0280593417336,0.0504753675134
63,0.0298395676098,0.0855682989187
64,0.0293894957536,0.0515070222435
65,0.0292340897055,0.0607202320163
66,0.0294744950839,0.0504734479982
67,0.0285579216207,0.0517201143283
68,0.0290107851056,0.0584566576574
69,0.0291631030327,0.0658315380953
70,0.0290544093514,0.0958893394981
71,0.0290943240754,0.0650213091104
72,0.0280522207494,0.126755127112
73,0.0286496985023,0.0487155490177
74,0.0287261123614,0.0608012085119
75,0.0268482472803,0.0726308282496
76,0.0280336846097,0.071163373614
77,0.0281375784288,0.0834771805767
78,0.027917528815,0.0637857218795
79,0.0278913785676,0.0621425196092
80,0.0284006061535,0.099218886524
81,0.0277433436634,0.0781964910938
82,0.0284632213571,0.0872819044927
83,0.0278678469886,0.0865617023565
84,0.0279282800136,0.0809427262902
85,0.0281823323044,0.0581948990488
86,0.027804312955,0.0603988548295
87,0.0272302403004,0.0587006542735
88,0.0267078558667,0.0497180772464
89,0.0282766410714,0.0645255080143
90,0.0261027935557,0.17893690605
91,0.0279557674827,0.0685337078764
92,0.0267492206004,0.064888300987
93,0.0273022021459,0.131608164633
94,0.027801548935,0.0599047521463
95,0.0271715644917,0.0589690982908
96,0.0272837873192,0.0596777739088
97,0.027617865915,0.0739154541962
98,0.0273357993361,0.0589693938907
99,0.026470112423,0.0783784667393
100,0.0254927278501,0.0609596686924
101,0.0267968640403,0.0565617339058
102,0.0267470800983,0.0803222743956
103,0.026053018939,0.105740703105
104,0.0267621409147,0.0581023602861
105,0.0260208019883,0.0693836348166
106,0.0262541157359,0.0828546334727
107,0.0259974965085,0.0585252395846
108,0.0257178325398,0.0692326941084
109,0.0262967838462,0.0665375922772
110,0.0261370247797,0.0674618421681
111,0.0257080625432,0.0709183643931
112,0.0265087023659,0.0798122201894
113,0.026202495669,0.0639878439027
114,0.0262534089638,0.105840545592
115,0.0266129672025,0.0800272009117
116,0.0267014454992,0.0559782649653
117,0.0258487762291,0.0732226503491
118,0.0258970352379,0.0789138304089
119,0.0251769871909,0.0767806518605
120,0.0254093081421,0.0620754478366
121,0.0259411954338,0.0641148186054
122,0.0250429388923,0.0729682428184
123,0.0261060925995,0.0698287060271
124,0.0251583897087,0.0798592075602
125,0.0264420771424,0.064871267568
126,0.0253079308865,0.0513054004242
127,0.0248974003126,0.0428759881562
128,0.0256461446033,0.0761038906716
129,0.0253491859526,0.059993895088
130,0.0254018360579,0.0592177771167
131,0.0253790696098,0.0689569565545
132,0.0246513490562,0.064131934219
133,0.0250742528231,0.0804730449039
134,0.0261730308997,0.0721326799268
135,0.0253535227088,0.079695059686
136,0.0257682664507,0.048020462074
137,0.0242809951272,0.0493969055669
138,0.024811143668,0.0511316171108
139,0.0256185456841,0.0607910617116
140,0.0255545869083,0.0745202420598
141,0.0240953581702,0.0551529599119
142,0.0248218489875,0.0605731376906
143,0.0252855042801,0.0848155812695
144,0.0233046512754,0.0838166317391
145,0.0245809324424,0.0653476820727
146,0.025892961416,0.0599685547306
147,0.0249642264152,0.0678257327042
148,0.023737660385,0.0597466606372
149,0.0240075857808,0.0532592626954
150,0.0244761224395,0.0701936964994
151,0.024041976163,0.0522641367399
152,0.0243094402234,0.0517660172821
153,0.0243306728491,0.0550096041129
154,0.0236642501918,0.0654582743555
155,0.0239774324483,0.0801865210106
156,0.0241281483144,0.0404474277255
157,0.0239676716142,0.0720402230766
158,0.0253272472581,0.051954610649
159,0.0233558961865,0.0622313786177
160,0.0238517096669,0.0781419398685
161,0.0232057542232,0.0871080622027
162,0.0236360091237,0.174852065793
163,0.0235311393941,0.0782178369277
164,0.0246181612068,0.0562970144208
165,0.0236202774887,0.0725814420432
166,0.023219101601,0.0823792639654
167,0.0245833870833,0.0826113426885
168,0.0232357322549,0.0498434326749
169,0.0241829807105,0.0579472815662
170,0.0228706484422,0.0690050436963
171,0.0229862728436,0.0891051135053
172,0.0226715789873,0.0584021285505
173,0.0237892620375,0.0658465210156
174,0.0239201184462,0.0543659480642
175,0.0225669827108,0.0517967232599
176,0.0234031199373,0.0697152436955
177,0.0236227994544,0.0480987965406
178,0.0233719850515,0.0541371967958
179,0.0226666659673,0.0593188158487
180,0.0229510407924,0.0804008853084
181,0.0237869360718,0.0768582201213
182,0.0235899548916,0.0567446685597
183,0.0226484989673,0.0879330803595
184,0.0230736640559,0.083644685953
185,0.02297480455,0.0822744279707
186,0.0235141205633,0.0782389067592
187,0.0227589692761,0.072086012466
188,0.0239862594962,0.0630089810674
189,0.022716788824,0.0720840927098
190,0.0223010284988,0.0698183351844
191,0.022383381108,0.0622970781958
192,0.0227729597017,0.0797187554866
193,0.022833336073,0.0644524764065
194,0.0232442056892,0.0879962522657
195,0.0225258285599,0.0469349525113
196,0.0219584204569,0.0748583947212
197,0.0218838078065,0.0698596517489
198,0.0230888806045,0.0534720032302
199,0.0221793618474,0.0910800811816
