epoch,loss,val_loss
0,16212.2059572,10127.3089611
1,4894.89516518,2588.26539955
2,2067.98317622,1493.09229275
3,1360.70875946,865.618567933
4,1033.18231869,610.338456422
5,921.703093372,518.692360238
6,884.607505924,480.200073933
7,867.615216734,460.521269666
8,856.563923644,447.156928162
9,847.833216565,439.720502308
10,835.077946091,432.151523059
11,831.636816438,424.003773949
12,827.352584895,420.514016923
13,823.699264521,415.987060599
14,816.100437462,419.822725424
15,813.735501222,412.626222588
16,814.274115841,411.904253958
17,806.89171604,411.767115824
18,807.970917781,420.568269756
19,808.856763555,408.670866839
20,807.637134439,407.744095653
21,809.160396234,407.298098527
22,806.880872293,407.860716115
23,805.931796282,411.315011283
24,805.867265229,412.719323389
25,802.200015404,418.198160316
26,804.863649703,409.376269944
27,804.456747723,405.676738477
28,806.063722649,406.155718391
29,807.368703905,405.68881752
30,803.367893887,406.399573509
31,804.402183893,406.742851076
32,802.200013914,414.611111192
33,801.817247537,408.992107361
34,804.125610412,405.346404843
35,800.632288435,403.387627512
36,800.072329315,400.754737026
37,801.264718585,399.629163913
38,795.268995777,400.039322828
39,795.645651761,396.858298583
40,788.615345267,397.500178756
41,788.169818508,393.050802399
42,784.529515418,391.442711496
43,778.646784572,387.720844576
44,779.062496306,387.271738539
45,774.929495146,376.447631416
46,768.138691983,375.292195146
47,762.08341012,369.276554834
48,755.503217073,364.3532775
49,747.926707828,360.622702895
50,743.404076204,350.199196895
51,733.619179091,341.744885995
52,730.317274929,339.843834217
53,723.878641033,330.62269084
54,715.710723314,324.462279431
55,707.951977181,327.464083722
56,703.292116399,318.050012815
57,696.238171235,312.076948189
58,690.203355869,306.929430889
59,684.985693269,297.827660571
60,681.444406502,297.069999054
61,676.667204819,290.305383402
62,670.247988925,288.786580603
63,665.303550634,280.876749406
64,661.526538053,283.58620381
65,655.49448209,280.132199112
66,650.759953104,273.397664147
67,648.736505743,268.901863288
68,643.823782995,273.223230305
69,633.76752513,270.151257767
70,638.453362843,264.1230535
71,638.196954977,260.178139493
72,631.94944493,257.5384796
73,630.373526588,258.636781332
74,633.244547115,250.526719784
75,625.698033171,252.522366978
76,622.871851304,246.974007886
77,622.219702926,245.088330123
78,619.644946314,242.810434134
79,616.985202347,242.44920681
80,612.084482247,255.381997762
81,609.778460735,238.374078277
82,608.580731073,235.242434537
83,603.758318116,234.18375478
84,606.931859297,234.685276961
85,604.394745433,231.156549489
86,600.366252267,230.404250892
87,598.741391542,229.633152721
88,595.712427117,242.838127764
89,588.199861086,235.859587737
90,594.060384113,224.056436862
91,592.536620729,226.891042095
92,588.846474309,223.149917809
93,588.790379655,220.71297619
94,588.274736032,231.028112625
95,586.182426203,220.179869614
96,584.851252521,220.341584118
97,585.23565312,217.71363798
98,582.169144761,219.49198042
99,582.387343537,214.294359662
100,579.459081035,215.877072704
101,580.619562006,215.192731972
102,574.638018759,223.333528864
103,578.367511804,209.892678276
104,574.319833065,217.655422522
105,576.009969297,218.768048681
106,574.689202672,216.442645329
107,573.861173868,214.059969389
108,570.597307578,208.101919141
109,568.374710993,217.252556435
110,571.18532647,215.524559586
111,568.733480616,208.610723785
112,568.19405947,204.947041036
113,567.624641212,205.661265779
114,566.50000691,202.913244801
115,565.430869706,202.190223887
116,560.99279913,215.150092475
117,564.47693933,201.555152061
118,559.537288979,211.670791648
119,564.654485517,201.226084264
120,562.57061175,199.542524968
121,560.695892827,200.150040117
122,560.113231385,199.400332926
123,559.155796839,201.176918391
124,558.710744798,198.467148697
125,556.599547904,203.17938835
126,554.901542079,200.588891429
127,555.219078912,197.284259971
128,558.032596614,196.199266096
129,554.724978262,204.955722766
130,555.303954883,199.543851322
131,552.921248353,195.355601422
132,554.187966032,194.772582284
133,550.740177932,194.717867957
134,552.905616876,195.436008791
135,549.959255924,204.684137482
136,551.143096851,196.501929367
137,549.914037588,200.279989692
138,550.208633494,197.281141446
139,545.806798132,200.050377995
140,550.060492318,197.83857573
141,550.344118854,192.011405689
142,546.140345733,193.323160581
143,547.78255085,196.875802953
144,546.848789846,208.152970669
145,547.998014204,191.021625033
146,546.811792649,192.897060848
147,542.244967566,192.20618509
148,544.937792331,195.534595181
149,544.440534156,199.395522779
150,543.195871054,194.340287515
151,541.647925606,192.00495529
152,543.812316437,191.321924643
153,542.399462475,196.859836181
154,542.782391872,193.526139862
155,542.598850639,199.825122057
156,540.138392053,205.498981219
157,541.394935147,189.423941588
158,541.035218555,192.682053705
159,541.27392428,189.465217199
160,540.324644171,193.29230199
161,540.853287329,188.620553775
162,537.957721191,201.560869251
163,537.270701007,215.794946013
164,542.185320477,192.894159797
165,540.543539546,193.802325076
166,537.060786773,198.8680791
167,539.802049039,190.806121703
168,538.052129567,193.232720774
169,537.647235187,198.889116622
170,541.239176515,192.263067968
171,536.547647239,199.381904436
172,535.144925177,200.250714464
173,537.73457114,191.821334859
174,537.537725299,187.513128316
175,536.331463644,189.745078299
176,536.448879439,188.519406018
177,536.691418954,186.94579723
178,534.944767349,195.65110166
179,533.352040296,186.719840719
180,532.650147881,186.707014134
181,535.349551557,187.692242079
182,532.756233206,192.228203951
183,531.086901388,187.156614776
184,534.731369399,188.166827791
185,530.421008687,189.901141789
186,533.253988679,191.138617326
187,533.073337042,186.54455912
188,531.073874154,188.445498762
189,533.13917844,188.293237886
190,531.252189783,187.121965635
191,531.48782644,188.285874601
192,531.212451113,193.639639275
193,531.303784621,194.244617631
194,529.745251753,188.463824155
195,530.411266378,190.779939669
196,530.035359574,188.344144422
197,529.679744423,190.378516187
198,527.414485918,196.196662554
199,529.387792005,189.380829531
