epoch,loss,val_loss
0,5227.49684184,650.016063406
1,1047.84166477,526.860717486
2,1040.49054445,528.369055421
3,1040.15726656,527.178802633
4,1042.37062667,526.09098951
5,1040.83199366,525.847271141
6,1038.06770528,532.048334551
7,1041.4849175,527.379272621
8,1042.82694147,526.808456289
9,1040.88121352,528.237428139
10,1041.02030094,526.616273392
11,1041.63231042,527.97011999
12,1041.09156486,525.955983614
13,1041.48457032,525.983378611
14,1035.34538697,530.768685294
15,1045.34234309,527.085318453
16,1043.37653203,526.508605991
17,1041.68358249,532.393790532
18,1045.85625782,525.86357757
19,1039.45588923,528.938113211
20,1039.5067746,533.978230228
21,1042.62375436,525.833829678
22,1039.7199932,529.983864697
23,1041.69884666,525.935055744
24,1039.98744586,526.074792787
25,1040.89242085,533.719945339
26,1039.60700067,526.238176714
27,1040.73210731,527.542236265
28,1034.5206917,536.677221296
29,1043.87764077,526.386568024
30,1040.43666632,526.224260172
31,1039.1041217,527.165886047
32,1039.96122887,533.005948473
33,1042.22791165,526.872867635
34,1039.56211599,533.936371425
35,1041.0301465,526.191508168
36,1035.13929392,529.781739729
37,1040.10688559,533.944842415
38,1040.10628422,527.788392649
39,1040.41208828,528.428534331
40,1041.36554815,536.994454542
41,1043.08239741,525.767653066
42,1038.76305328,526.225402275
43,1039.38025472,526.678669775
44,1035.35212705,534.536251487
45,1040.36331353,527.646752624
46,1040.30085409,526.125788232
47,1041.04544571,530.087054821
48,1042.58960929,526.118288286
49,1031.3012338,538.502476158
50,1044.31476767,525.893844804
51,1042.38504953,525.778577246
52,1040.36714435,525.921883131
53,1041.41760714,529.114998832
54,1039.64757032,528.179008922
55,1040.782772,527.429797388
56,1039.93842923,525.980906294
57,1040.94552942,526.624887027
58,1039.50788389,534.151458448
59,1043.64847555,528.234007663
60,1035.17929943,537.488346633
61,1040.37295429,525.852675726
62,1037.81921454,535.543872325
63,1045.18030519,526.017792359
64,1040.98594977,527.055787628
65,1042.53006767,525.775989225
66,1037.38921368,530.257794187
67,1042.37573551,525.77057174
68,1040.06273617,527.111737808
69,1043.72600967,526.910850064
70,1039.97485489,525.865451112
71,1037.17628479,536.170873787
72,1043.90655605,527.0856334
73,1042.65260709,530.016933878
74,1028.58178024,553.948362495
75,1041.80761581,525.851806579
76,1035.35778582,530.717066627
77,1040.01749615,526.475071691
78,1042.29666355,526.128899255
79,1041.45285504,527.072022024
80,1031.27198593,551.766772595
81,1044.24004776,538.303858317
82,1042.06981996,541.989832849
83,1043.81598127,526.814197424
84,1037.38450031,532.15355839
85,1043.7502092,527.032010761
86,1042.28016149,530.609804837
87,1042.7957807,526.216872346
88,1041.73845109,525.991380936
89,1038.50146661,525.846843619
90,1043.55800871,527.105995117
91,1041.98693126,526.101992618
92,1041.46277913,528.214595823
93,1042.57253703,525.809368823
94,1042.27022877,525.785675588
95,1038.60167238,527.970300822
96,1039.40638695,526.430724472
97,1036.81820852,526.081314761
98,1040.40930722,527.460643651
99,1040.0253717,527.939558389
100,1043.14224229,525.950724047
101,1042.99321126,526.187068269
102,1043.76319155,525.838109474
103,1043.27603057,525.766922251
104,1039.36855948,526.314245572
105,1040.04510035,529.135750662
106,1040.89887732,527.423701148
107,1038.15006117,535.791328302
108,1043.30212389,526.940738382
109,1036.13069001,526.384906149
110,1041.49435922,525.995491147
111,1043.71430069,525.794491463
112,1037.5440128,530.269912128
113,1039.65728388,527.507507142
114,1031.44291964,532.009668308
115,1042.70515665,527.663247684
116,1040.44499454,532.26821784
117,1039.27195674,525.902081023
118,1038.52596262,525.768897243
119,1036.04438936,532.463305865
120,1042.60996627,533.574585961
121,1042.55153391,527.532510163
122,1042.5643837,526.542767487
123,1036.41292428,537.366519283
124,1041.48856408,525.781122485
125,1042.4073942,529.523456807
126,1037.88262161,536.202572702
127,1040.37679502,526.018484344
128,1041.26315321,525.895656238
129,1035.40001947,526.533253335
130,1042.34941692,526.869650662
131,1043.25126665,526.42906214
132,1040.47401873,526.145964957
133,1040.80197994,525.802213029
134,1040.87972706,526.420738312
135,1038.62502524,531.563764869
136,1040.75172968,528.270529409
137,1040.33644821,530.681665012
138,1042.14777717,525.827282926
139,1043.10838893,526.280909496
140,1044.117329,526.856272588
141,1126.2915101,547.006869756
142,841.603073328,241.452484521
143,620.067882473,186.850135756
144,546.076521532,219.484257695
145,515.327877298,112.009768632
146,461.699216483,150.534083359
147,432.666447665,182.504385935
148,428.850584154,83.2885862456
149,398.506315013,88.2737453165
150,391.324995029,83.4093472428
151,371.750212878,89.4508492955
152,358.424483229,41.7667685806
153,390.295853506,739.507392593
154,373.904025546,44.8215811082
155,328.032212686,42.8445901141
156,324.047215303,69.2873782598
157,314.124289022,60.8184568929
158,344.022072247,34.4529594346
159,314.401707469,58.5703269147
160,315.752264787,56.4539480995
161,305.974408148,87.3940566483
162,338.403349351,54.0572292182
163,316.680974015,23.1870648142
164,308.758922279,63.4931294084
165,302.658661844,72.8535914381
166,285.140882873,124.438845248
167,305.324903504,25.2379339722
168,290.273649249,91.6333595482
169,338.911918608,74.8262048841
170,303.42738144,79.5339706184
171,299.900412093,48.8119469637
172,298.848398475,33.8905727119
173,286.185904193,56.9190383948
174,286.931384654,21.1221883828
175,263.977419022,22.4222802909
176,296.945258813,22.3328947371
177,293.067270417,56.0287133475
178,283.460147437,22.0934675042
179,290.292548473,82.7868772194
180,285.560010187,21.3450607727
181,285.800884904,56.5164044719
182,275.204688382,73.4954845946
183,297.713150709,36.5858204547
184,282.601983301,56.2766860761
185,274.0508108,20.2965404917
186,277.987468942,18.6696612547
187,287.889102231,18.3490344387
188,273.695079497,65.476558916
189,272.352218028,22.9978973053
190,262.711531618,60.8703014682
191,265.791811981,55.5640005791
192,254.436089986,26.1674095712
193,293.931017707,21.7250125028
194,289.559170287,52.2352456422
195,283.042690362,58.0071806101
196,264.593457273,57.6177098741
197,270.744743938,33.4956150614
198,268.664249677,57.2010531744
199,269.969550259,37.1473882305
